<?xml version="1.0" encoding="UTF-8"?>
<!-- Generated by org.testng.reporters.JUnitReportReporter -->
<testsuite hostname="DESKTOP-0RQF8FK" failures="0" tests="1" name="testrunners.AdminLoginTest" time="25.778" errors="0" timestamp="28 Feb 2024 06:42:13 GMT" skipped="0">
  <testcase classname="testrunners.AdminLoginTest" name="runScenario" time="25.778"/>
</testsuite> <!-- testrunners.AdminLoginTest -->
