<?xml version="1.0" encoding="UTF-8"?>
<!-- Generated by org.testng.reporters.JUnitReportReporter -->
<testsuite hostname="DESKTOP-0RQF8FK" failures="0" tests="1" name="testrunners.EmployeeRegTest" time="50.726" errors="0" timestamp="28 Feb 2024 05:22:51 GMT" skipped="0">
  <testcase classname="testrunners.EmployeeRegTest" name="runScenario" time="50.726"/>
</testsuite> <!-- testrunners.EmployeeRegTest -->
